<?xml version="1.0" encoding="UTF-8"?>
<testng-results ignored="0" total="2" passed="2" failed="0" skipped="0">
  <reporter-output>
  </reporter-output>
  <suite started-at="2023-02-11T15:30:12 IST" name="Suite" finished-at="2023-02-11T15:30:39 IST" duration-ms="27092">
    <groups>
    </groups>
    <test started-at="2023-02-11T15:30:12 IST" name="Test" finished-at="2023-02-11T15:30:39 IST" duration-ms="27092">
      <class name="TestAutomation.MyTest.loginpageTest">
        <test-method signature="browserIntialization()[pri:0, instance:TestAutomation.MyTest.loginpageTest@5d0bf09b]" started-at="2023-02-11T15:30:12 IST" name="browserIntialization" finished-at="2023-02-11T15:30:38 IST" duration-ms="25409" status="PASS">
          <reporter-output>
          </reporter-output>
        </test-method> <!-- browserIntialization -->
        <test-method signature="loginpage(java.lang.String,java.lang.String)[pri:0, instance:TestAutomation.MyTest.loginpageTest@5d0bf09b]" started-at="2023-02-11T15:30:38 IST" name="loginpage" data-provider="credentials" finished-at="2023-02-11T15:30:39 IST" duration-ms="1508" status="PASS">
          <params>
            <param index="0">
              <value>
                <![CDATA[vigneshananth7@gmail.com]]>
              </value>
            </param>
            <param index="1">
              <value>
                <![CDATA[Udemy@7]]>
              </value>
            </param>
          </params>
          <reporter-output>
          </reporter-output>
        </test-method> <!-- loginpage -->
      </class> <!-- TestAutomation.MyTest.loginpageTest -->
    </test> <!-- Test -->
  </suite> <!-- Suite -->
</testng-results>
