<?xml version="1.0" encoding="UTF-8"?>
<testng-results ignored="0" total="1" passed="1" failed="0" skipped="0">
  <reporter-output>
  </reporter-output>
  <suite started-at="2023-03-21T16:25:42 IST" name="Suite" finished-at="2023-03-21T16:26:05 IST" duration-ms="22825">
    <groups>
    </groups>
    <test started-at="2023-03-21T16:25:42 IST" name="Test" finished-at="2023-03-21T16:26:05 IST" duration-ms="22825">
      <class name="TestAutomation.MyTest.ProductsPageTest">
        <test-method signature="productsVerify()[pri:0, instance:TestAutomation.MyTest.ProductsPageTest@534a5a98]" started-at="2023-03-21T16:25:42 IST" name="productsVerify" finished-at="2023-03-21T16:26:03 IST" duration-ms="21136" status="PASS">
          <reporter-output>
          </reporter-output>
        </test-method> <!-- productsVerify -->
        <test-method is-config="true" signature="teardown()[pri:0, instance:TestAutomation.MyTest.ProductsPageTest@534a5a98]" started-at="2023-03-21T16:26:03 IST" name="teardown" finished-at="2023-03-21T16:26:05 IST" duration-ms="1613" status="PASS">
          <reporter-output>
          </reporter-output>
        </test-method> <!-- teardown -->
      </class> <!-- TestAutomation.MyTest.ProductsPageTest -->
    </test> <!-- Test -->
  </suite> <!-- Suite -->
</testng-results>
